2021-03-21 07:10:18.726 - INFO - 20516 - azureml.train.automl._experiment_drivers.driver_utilities.modify_run_configuration:199 - Package azureml-train-automl missing from dependencies file.
2021-03-21 07:10:18.727 - INFO - 20516 - azureml.train.automl._experiment_drivers.driver_utilities.modify_run_configuration:205 - Using pinned version: azureml-train-automl==1.24.0.*
2021-03-21 07:10:18.727 - INFO - 20516 - azureml.train.automl._experiment_drivers.driver_utilities.modify_run_configuration:199 - Package pandas missing from dependencies file.
2021-03-21 07:10:18.728 - INFO - 20516 - azureml.train.automl._experiment_drivers.driver_utilities.modify_run_configuration:205 - Using pinned version: pandas==0.25.1
2021-03-21 07:10:18.728 - INFO - 20516 - azureml.train.automl._experiment_drivers.driver_utilities.modify_run_configuration:199 - Package psutil missing from dependencies file.
2021-03-21 07:10:18.729 - INFO - 20516 - azureml.train.automl._experiment_drivers.driver_utilities.modify_run_configuration:205 - Using pinned version: psutil>5.0.0,<6.0.0
2021-03-21 07:10:18.729 - INFO - 20516 - azureml.train.automl._experiment_drivers.driver_utilities.modify_run_configuration:199 - Package scikit-learn missing from dependencies file.
2021-03-21 07:10:18.729 - INFO - 20516 - azureml.train.automl._experiment_drivers.driver_utilities.modify_run_configuration:205 - Using pinned version: scikit-learn==0.22.1
2021-03-21 07:10:18.730 - INFO - 20516 - azureml.train.automl._experiment_drivers.driver_utilities.modify_run_configuration:199 - Package numpy missing from dependencies file.
2021-03-21 07:10:18.730 - INFO - 20516 - azureml.train.automl._experiment_drivers.driver_utilities.modify_run_configuration:205 - Using pinned version: numpy~=1.18.0
2021-03-21 07:10:18.730 - INFO - 20516 - azureml.train.automl._experiment_drivers.driver_utilities.modify_run_configuration:199 - Package py-xgboost missing from dependencies file.
2021-03-21 07:10:18.731 - INFO - 20516 - azureml.train.automl._experiment_drivers.driver_utilities.modify_run_configuration:205 - Using pinned version: py-xgboost<=0.90
2021-03-21 07:10:18.731 - INFO - 20516 - azureml.train.automl._experiment_drivers.driver_utilities.modify_run_configuration:199 - Package inference-schema missing from dependencies file.
2021-03-21 07:10:18.731 - INFO - 20516 - azureml.train.automl._experiment_drivers.driver_utilities.modify_run_configuration:199 - Package fbprophet missing from dependencies file.
2021-03-21 07:10:18.731 - INFO - 20516 - azureml.train.automl._experiment_drivers.driver_utilities.modify_run_configuration:205 - Using pinned version: fbprophet==0.5
2021-03-21 07:10:18.732 - INFO - 20516 - azureml.train.automl._experiment_drivers.driver_utilities.modify_run_configuration:199 - Package setuptools-git missing from dependencies file.
2021-03-21 07:10:18.749 - INFO - 20516 - azureml.train.automl._experiment_drivers.driver_utilities.validate_input:105 - Start data validation.
2021-03-21 07:10:20.800 - INFO - 20516 - azureml.train.automl._experiment_drivers.driver_utilities.validate_input:118 - Validation service found the data has no errors.
2021-03-21 07:10:20.801 - INFO - 20516 - azureml.train.automl._experiment_drivers.driver_utilities._create_remote_parent_run:371 - Start creating parent run.
2021-03-21 07:10:21.295 - INFO - 20516 - azureml.train.automl._experiment_drivers.driver_utilities._create_remote_parent_run:391 - [ParentRunID:AutoML_de792973-b1d4-4703-a8f2-9503eeb57cc8] Remote run using input X and y.
2021-03-21 07:10:21.524 - INFO - 20516 - azureml.train.automl._experiment_drivers.driver_utilities._create_remote_parent_run:411 - Parent Run ID: AutoML_de792973-b1d4-4703-a8f2-9503eeb57cc8
2021-03-21 07:10:21.525 - INFO - 20516 - azureml.train.automl._experiment_drivers.driver_utilities.start_remote_run:326 - Starting a snapshot run (snapshot_id : None)
